Arguments: 
  C:\Program Files\nodejs\node.exe C:\Users\YouD\AppData\Roaming\npm\node_modules\yarn\bin\yarn.js add typescirpt

PATH: 
  C:\Users\YouD\bin;C:\Program Files\Git\mingw64\bin;C:\Program Files\Git\usr\local\bin;C:\Program Files\Git\usr\bin;C:\Program Files\Git\usr\bin;C:\Program Files\Git\mingw64\bin;C:\Program Files\Git\usr\bin;C:\Users\YouD\bin;C:\Windows\system32;C:\Windows;C:\Windows\System32\Wbem;C:\Windows\System32\WindowsPowerShell\v1.0;C:\Windows\System32\OpenSSH;C:\Users\YouD\AppData\Roaming\nvm;C:\Program Files\nodejs;C:\Program Files\nodejs;C:\Program Files\Git\cmd;C:\Program Files\Docker\Docker\resources\bin;C:\Users\YouD\AppData\Local\Microsoft\WindowsApps;C:\Users\유디\AppData\Local\Programs\Microsoft VS Code\bin;C:\Users\유디\AppData\Roaming\npm;C:\Users\유디\AppData\Local\GitHubDesktop\bin;C:\Users\YouD\AppData\Roaming\nvm;C:\Program Files\nodejs;C:\Users\YouD\AppData\Local\Programs\Microsoft VS Code\bin;C:\Users\YouD\AppData\Roaming\npm;C:\Users\YouD\AppData\Local\GitHubDesktop\bin;C:\Program Files\Git\usr\bin\vendor_perl;C:\Program Files\Git\usr\bin\core_perl

Yarn version: 
  1.22.19

Node version: 
  20.15.1

Platform: 
  win32 x64

Trace: 
  Error: https://registry.yarnpkg.com/typescirpt: Not found
      at params.callback [as _callback] (C:\Users\YouD\AppData\Roaming\npm\node_modules\yarn\lib\cli.js:66145:18)
      at self.callback (C:\Users\YouD\AppData\Roaming\npm\node_modules\yarn\lib\cli.js:140890:22)
      at Request.emit (node:events:519:28)
      at Request.<anonymous> (C:\Users\YouD\AppData\Roaming\npm\node_modules\yarn\lib\cli.js:141862:10)
      at Request.emit (node:events:519:28)
      at IncomingMessage.<anonymous> (C:\Users\YouD\AppData\Roaming\npm\node_modules\yarn\lib\cli.js:141784:12)
      at Object.onceWrapper (node:events:633:28)
      at IncomingMessage.emit (node:events:531:35)
      at endReadableNT (node:internal/streams/readable:1696:12)
      at process.processTicksAndRejections (node:internal/process/task_queues:82:21)

npm manifest: 
  No manifest

yarn manifest: 
  No manifest

Lockfile: 
  No lockfile
